0 info it worked if it ends with ok
1 verbose cli [ '/usr/local/bin/node',
1 verbose cli   '/usr/local/bin/npm',
1 verbose cli   'install',
1 verbose cli   'lib-flexible' ]
2 info using npm@2.11.2
3 info using node@v0.12.6
4 verbose install initial load of /home/disoul/Documents/package.json
5 verbose installManyTop reading scoped package data from /home/disoul/Documents/node_modules/gulp/package.json
6 verbose installManyTop reading scoped package data from /home/disoul/Documents/node_modules/gulp-compass/package.json
7 verbose installManyTop reading scoped package data from /home/disoul/Documents/node_modules/htmlparser/package.json
8 verbose installManyTop reading scoped package data from /home/disoul/Documents/node_modules/soupselect/package.json
9 verbose installManyTop reading scoped package data from /home/disoul/Documents/node_modules/through2-map/package.json
10 info package.json htmlparser@1.7.7 No license field.
11 verbose readDependencies loading dependencies from /home/disoul/Documents/package.json
12 silly cache add args [ 'lib-flexible', null ]
13 verbose cache add spec lib-flexible
14 silly cache add parsed spec { raw: 'lib-flexible',
14 silly cache add   scope: null,
14 silly cache add   name: 'lib-flexible',
14 silly cache add   rawSpec: '',
14 silly cache add   spec: '*',
14 silly cache add   type: 'range' }
15 silly addNamed lib-flexible@*
16 verbose addNamed "*" is a valid semver range for lib-flexible
17 silly addNameRange { name: 'lib-flexible', range: '*', hasData: false }
18 silly mapToRegistry name lib-flexible
19 silly mapToRegistry using default registry
20 silly mapToRegistry registry https://registry.npmjs.org/
21 silly mapToRegistry uri https://registry.npmjs.org/lib-flexible
22 verbose addNameRange registry:https://registry.npmjs.org/lib-flexible not in flight; fetching
23 verbose request uri https://registry.npmjs.org/lib-flexible
24 verbose request no auth needed
25 info attempt registry request try #1 at 17:18:54
26 verbose request id ed0ff43829760ca0
27 http request GET https://registry.npmjs.org/lib-flexible
28 http 404 https://registry.npmjs.org/lib-flexible
29 verbose headers { 'content-type': 'application/json',
29 verbose headers   'cache-control': 'max-age=0',
29 verbose headers   'content-length': '2',
29 verbose headers   'accept-ranges': 'bytes',
29 verbose headers   date: 'Fri, 28 Aug 2015 09:18:56 GMT',
29 verbose headers   via: '1.1 varnish',
29 verbose headers   age: '0',
29 verbose headers   connection: 'keep-alive',
29 verbose headers   'x-served-by': 'cache-itm7427-ITM',
29 verbose headers   'x-cache': 'MISS',
29 verbose headers   'x-cache-hits': '0',
29 verbose headers   'x-timer': 'S1440753535.533846,VS0,VE740' }
30 silly get cb [ 404,
30 silly get   { 'content-type': 'application/json',
30 silly get     'cache-control': 'max-age=0',
30 silly get     'content-length': '2',
30 silly get     'accept-ranges': 'bytes',
30 silly get     date: 'Fri, 28 Aug 2015 09:18:56 GMT',
30 silly get     via: '1.1 varnish',
30 silly get     age: '0',
30 silly get     connection: 'keep-alive',
30 silly get     'x-served-by': 'cache-itm7427-ITM',
30 silly get     'x-cache': 'MISS',
30 silly get     'x-cache-hits': '0',
30 silly get     'x-timer': 'S1440753535.533846,VS0,VE740' } ]
31 verbose stack Error: Registry returned 404 for GET on https://registry.npmjs.org/lib-flexible
31 verbose stack     at CachingRegistryClient.<anonymous> (/usr/local/lib/node_modules/npm/node_modules/npm-registry-client/lib/request.js:239:14)
31 verbose stack     at Request._callback (/usr/local/lib/node_modules/npm/node_modules/npm-registry-client/lib/request.js:170:14)
31 verbose stack     at Request.self.callback (/usr/local/lib/node_modules/npm/node_modules/request/request.js:354:22)
31 verbose stack     at Request.emit (events.js:110:17)
31 verbose stack     at Request.<anonymous> (/usr/local/lib/node_modules/npm/node_modules/request/request.js:1207:14)
31 verbose stack     at Request.emit (events.js:129:20)
31 verbose stack     at IncomingMessage.<anonymous> (/usr/local/lib/node_modules/npm/node_modules/request/request.js:1153:12)
31 verbose stack     at IncomingMessage.emit (events.js:129:20)
31 verbose stack     at _stream_readable.js:908:16
31 verbose stack     at process._tickCallback (node.js:355:11)
32 verbose statusCode 404
33 verbose pkgid lib-flexible
34 verbose cwd /home/disoul/Documents/webPoj/huishan_app
35 error Linux 3.13.0-59-generic
36 error argv "/usr/local/bin/node" "/usr/local/bin/npm" "install" "lib-flexible"
37 error node v0.12.6
38 error npm  v2.11.2
39 error code E404
40 error 404 Registry returned 404 for GET on https://registry.npmjs.org/lib-flexible
40 error 404
40 error 404 'lib-flexible' is not in the npm registry.
40 error 404 You should bug the author to publish it (or use the name yourself!)
40 error 404
40 error 404 Note that you can also install from a
40 error 404 tarball, folder, http url, or git url.
41 verbose exit [ 1, true ]
